<?xml version="1.0" encoding="UTF-8"?>
<!-- Generated by org.testng.reporters.JUnitReportReporter -->
<testsuite skipped="0" hostname="ZIPLSY1781" name="com.main.FlowIContract" tests="2" failures="0" timestamp="19 Sep 2018 14:10:52 GMT" time="60.715" errors="0">
  <testcase name="Login" time="56.919" classname="com.main.FlowIContract"/>
  <testcase name="AuthorContract" time="3.796" classname="com.main.FlowIContract"/>
</testsuite> <!-- com.main.FlowIContract -->
