<?xml version="1.0" encoding="UTF-8"?>
<!-- Generated by org.testng.reporters.JUnitReportReporter -->
<testsuite skipped="0" hostname="ZIPLSY1636" name="com.main.FlowIManage" tests="2" failures="0" timestamp="03 Oct 2018 14:52:00 GMT" time="90.026" errors="0">
  <testcase name="Login" time="73.454" classname="com.main.FlowIManage"/>
  <testcase name="MyTemplates" time="16.572" classname="com.main.FlowIManage"/>
</testsuite> <!-- com.main.FlowIManage -->
