<?xml version="1.0" encoding="UTF-8"?>
<!-- Generated by org.testng.reporters.JUnitReportReporter -->
<testsuite skipped="0" hostname="ZIPLSY1636" name="com.main.FlowIManage" tests="2" failures="0" timestamp="03 Oct 2018 13:18:49 GMT" time="122.930" errors="0">
  <testcase name="Login" time="85.548" classname="com.main.FlowIManage"/>
  <testcase name="MyTemplates" time="37.382" classname="com.main.FlowIManage"/>
</testsuite> <!-- com.main.FlowIManage -->
